ARM GAS  C:\Users\DON_LE~1\AppData\Local\Temp\ccTNeV3g.s 			page 1


   1              	# 1 "CMSIS/CM3/DeviceSupport/ST/STM32F10x/startup/gcc_ride7/startup_stm32f10x_md_vl.s"
   1              	/**
   0              	
   0              	
   0              	
   2              	  ******************************************************************************
   3              	  * @file      startup_stm32f10x_md_vl.s
   4              	  * @author    MCD Application Team
   5              	  * @version   V3.5.0
   6              	  * @date      11-March-2011
   7              	  * @brief     STM32F10x Medium Density Value Line Devices vector table for RIDE7
   8              	  *            toolchain.
   9              	  *            This module performs:
  10              	  *                - Set the initial SP
  11              	  *                - Set the initial PC == Reset_Handler,
  12              	  *                - Set the vector table entries with the exceptions ISR address
  13              	  *                - Configure the clock system                 
  14              	  *                - Branches to main in the C library (which eventually
  15              	  *                  calls main()).
  16              	  *            After Reset the Cortex-M3 processor is in Thread mode,
  17              	  *            priority is Privileged, and the Stack is set to Main.
  18              	  ******************************************************************************
  19              	  * @attention
  20              	  *
  21              	  * THE PRESENT FIRMWARE WHICH IS FOR GUIDANCE ONLY AIMS AT PROVIDING CUSTOMERS
  22              	  * WITH CODING INFORMATION REGARDING THEIR PRODUCTS IN ORDER FOR THEM TO SAVE
  23              	  * TIME. AS A RESULT, STMICROELECTRONICS SHALL NOT BE HELD LIABLE FOR ANY
  24              	  * DIRECT, INDIRECT OR CONSEQUENTIAL DAMAGES WITH RESPECT TO ANY CLAIMS ARISING
  25              	  * FROM THE CONTENT OF SUCH FIRMWARE AND/OR THE USE MADE BY CUSTOMERS OF THE
  26              	  * CODING INFORMATION CONTAINED HEREIN IN CONNECTION WITH THEIR PRODUCTS.
  27              	  *
  28              	  * <h2><center>&copy; COPYRIGHT 2011 STMicroelectronics</center></h2>
  29              	  ******************************************************************************
  30              	  */
  31              	    
  32              	  .syntax unified
  33              	  .cpu cortex-m3
  34              	  .fpu softvfp
  35              	  .thumb
  36              	
  37              	.global  g_pfnVectors
  38              	.global  Default_Handler
  39              	
  40              	/* start address for the initialization values of the .data section. 
  41              	defined in linker script */
  42 0000 00000000 	.word  _sidata
  43              	/* start address for the .data section. defined in linker script */  
  44 0004 00000000 	.word  _sdata
  45              	/* end address for the .data section. defined in linker script */
  46 0008 00000000 	.word  _edata
  47              	/* start address for the .bss section. defined in linker script */
  48 000c 00000000 	.word  _sbss
  49              	/* end address for the .bss section. defined in linker script */
  50 0010 00000000 	.word  _ebss
  51              	
  52              	.equ  BootRAM, 0xF108F85F
  53              	/**
ARM GAS  C:\Users\DON_LE~1\AppData\Local\Temp\ccTNeV3g.s 			page 2


  54              	 * @brief  This is the code that gets called when the processor first
  55              	 *          starts execution following a reset event. Only the absolutely
  56              	 *          necessary set is performed, after which the application
  57              	 *          supplied main() routine is called. 
  58              	 * @param  None
  59              	 * @retval None
  60              	*/
  61              	
  62              	  .section  .text.Reset_Handler
  63              	  .weak  Reset_Handler
  64              	  .type  Reset_Handler, %function
  65              	Reset_Handler:  
  66              	
  67              	/* Copy the data segment initializers from flash to SRAM */  
  68 0000 0021     	  movs  r1, #0
  69 0002 03E0     	  b     LoopCopyDataInit
  70              	
  71              	CopyDataInit:
  72 0004 0A4B     	  ldr   r3, =_sidata
  73 0006 5B58     	  ldr   r3, [r3, r1]
  74 0008 4350     	  str   r3, [r0, r1]
  75 000a 0431     	  adds  r1, r1, #4
  76              	    
  77              	LoopCopyDataInit:
  78 000c 0948     	  ldr   r0, =_sdata
  79 000e 0A4B     	  ldr   r3, =_edata
  80 0010 4218     	  adds  r2, r0, r1
  81 0012 9A42     	  cmp   r2, r3
  82 0014 F6D3     	  bcc   CopyDataInit
  83 0016 094A     	  ldr   r2, =_sbss
  84 0018 02E0     	  b     LoopFillZerobss
  85              	/* Zero fill the bss segment. */  
  86              	FillZerobss:
  87 001a 0023     	  movs  r3, #0
  88 001c 42F8043B 	  str   r3, [r2], #4
  89              	
  90              	  
  91              	LoopFillZerobss:
  92 0020 074B     	  ldr   r3, = _ebss
  93 0022 9A42     	  cmp   r2, r3
  94 0024 F9D3     	  bcc   FillZerobss
  95              	/* Call the clock system intitialization function.*/
  96 0026 FFF7FEFF 	  bl  SystemInit   
  97              	/* Call the application's entry point.*/
  98 002a FFF7FEFF 	  bl    main
  99 002e 7047     	  bx    lr    
 100              	.size   Reset_Handler, .-Reset_Handler
 101              	
 102              	/**
 103              	 * @brief  This is the code that gets called when the processor receives an 
 104              	 *         unexpected interrupt. This simply enters an infinite loop, preserving
 105              	 *         the system state for examination by a debugger.
 106              	 * @param  None     
 107              	 * @retval None       
 108              	*/
 109              	  .section  .text.Default_Handler,"ax",%progbits
 110              	Default_Handler:
ARM GAS  C:\Users\DON_LE~1\AppData\Local\Temp\ccTNeV3g.s 			page 3


 111              	Infinite_Loop:
 112 0000 FEE7     	  b  Infinite_Loop
 113              	  .size  Default_Handler, .-Default_Handler
 114              	/******************************************************************************
 115              	*
 116              	* The minimal vector table for a Cortex M3. Note that the proper constructs
 117              	* must be placed on this to ensure that it ends up at physical address
 118              	* 0x0000.0000.
 119              	* 
 120              	******************************************************************************/    
 121              	  .section  .isr_vector,"a",%progbits
 122              	  .type  g_pfnVectors, %object
 123              	  .size  g_pfnVectors, .-g_pfnVectors
 124              	
 125              	g_pfnVectors:
 126 0000 00000000 	  .word  _estack
 127 0004 00000000 	  .word  Reset_Handler
 128 0008 00000000 	  .word  NMI_Handler
 129 000c 00000000 	  .word  HardFault_Handler
 130 0010 00000000 	  .word  MemManage_Handler
 131 0014 00000000 	  .word  BusFault_Handler
 132 0018 00000000 	  .word  UsageFault_Handler
 133 001c 00000000 	  .word  0
 134 0020 00000000 	  .word  0
 135 0024 00000000 	  .word  0
 136 0028 00000000 	  .word  0
 137 002c 00000000 	  .word  SVC_Handler
 138 0030 00000000 	  .word  DebugMon_Handler
 139 0034 00000000 	  .word  0
 140 0038 00000000 	  .word  PendSV_Handler
 141 003c 00000000 	  .word  SysTick_Handler
 142 0040 00000000 	  .word  WWDG_IRQHandler
 143 0044 00000000 	  .word  PVD_IRQHandler
 144 0048 00000000 	  .word  TAMPER_IRQHandler
 145 004c 00000000 	  .word  RTC_IRQHandler
 146 0050 00000000 	  .word  FLASH_IRQHandler
 147 0054 00000000 	  .word  RCC_IRQHandler
 148 0058 00000000 	  .word  EXTI0_IRQHandler
 149 005c 00000000 	  .word  EXTI1_IRQHandler
 150 0060 00000000 	  .word  EXTI2_IRQHandler
 151 0064 00000000 	  .word  EXTI3_IRQHandler
 152 0068 00000000 	  .word  EXTI4_IRQHandler
 153 006c 00000000 	  .word  DMA1_Channel1_IRQHandler
 154 0070 00000000 	  .word  DMA1_Channel2_IRQHandler
 155 0074 00000000 	  .word  DMA1_Channel3_IRQHandler
 156 0078 00000000 	  .word  DMA1_Channel4_IRQHandler
 157 007c 00000000 	  .word  DMA1_Channel5_IRQHandler
 158 0080 00000000 	  .word  DMA1_Channel6_IRQHandler
 159 0084 00000000 	  .word  DMA1_Channel7_IRQHandler
 160 0088 00000000 	  .word  ADC1_IRQHandler
 161 008c 00000000 	  .word  0
 162 0090 00000000 	  .word  0
 163 0094 00000000 	  .word  0
 164 0098 00000000 	  .word  0
 165 009c 00000000 	  .word  EXTI9_5_IRQHandler
 166 00a0 00000000 	  .word  TIM1_BRK_TIM15_IRQHandler
 167 00a4 00000000 	  .word  TIM1_UP_TIM16_IRQHandler
ARM GAS  C:\Users\DON_LE~1\AppData\Local\Temp\ccTNeV3g.s 			page 4


 168 00a8 00000000 	  .word  TIM1_TRG_COM_TIM17_IRQHandler
 169 00ac 00000000 	  .word  TIM1_CC_IRQHandler
 170 00b0 00000000 	  .word  TIM2_IRQHandler
 171 00b4 00000000 	  .word  TIM3_IRQHandler
 172 00b8 00000000 	  .word  TIM4_IRQHandler
 173 00bc 00000000 	  .word  I2C1_EV_IRQHandler
 174 00c0 00000000 	  .word  I2C1_ER_IRQHandler
 175 00c4 00000000 	  .word  I2C2_EV_IRQHandler
 176 00c8 00000000 	  .word  I2C2_ER_IRQHandler
 177 00cc 00000000 	  .word  SPI1_IRQHandler
 178 00d0 00000000 	  .word  SPI2_IRQHandler
 179 00d4 00000000 	  .word  USART1_IRQHandler
 180 00d8 00000000 	  .word  USART2_IRQHandler
 181 00dc 00000000 	  .word  USART3_IRQHandler
 182 00e0 00000000 	  .word  EXTI15_10_IRQHandler
 183 00e4 00000000 	  .word  RTCAlarm_IRQHandler
 184 00e8 00000000 	  .word  CEC_IRQHandler  
 185 00ec 00000000 	  .word  0
 186 00f0 00000000 	  .word  0
 187 00f4 00000000 	  .word  0
 188 00f8 00000000 	  .word  0
 189 00fc 00000000 	  .word  0
 190 0100 00000000 	  .word  0
 191 0104 00000000 	  .word  0
 192 0108 00000000 	  .word  0  
 193 010c 00000000 	  .word  0
 194 0110 00000000 	  .word  0
 195 0114 00000000 	  .word  0
 196 0118 00000000 	  .word  TIM6_DAC_IRQHandler
 197 011c 00000000 	  .word  TIM7_IRQHandler  
 198 0120 00000000 	  .word  0
 199 0124 00000000 	  .word  0
 200 0128 00000000 	  .word  0
 201 012c 00000000 	  .word  0
 202 0130 00000000 	  .word  0
 203 0134 00000000 	  .word  0
 204 0138 00000000 	  .word  0
 205 013c 00000000 	  .word  0
 206 0140 00000000 	  .word  0
 207 0144 00000000 	  .word  0
 208 0148 00000000 	  .word  0
 209 014c 00000000 	  .word  0
 210 0150 00000000 	  .word  0
 211 0154 00000000 	  .word  0
 212 0158 00000000 	  .word  0
 213 015c 00000000 	  .word  0
 214 0160 00000000 	  .word  0
 215 0164 00000000 	  .word  0
 216 0168 00000000 	  .word  0
 217 016c 00000000 	  .word  0
 218 0170 00000000 	  .word  0
 219 0174 00000000 	  .word  0
 220 0178 00000000 	  .word  0
 221 017c 00000000 	  .word  0
 222 0180 00000000 	  .word  0
 223 0184 00000000 	  .word  0
 224 0188 00000000 	  .word  0
ARM GAS  C:\Users\DON_LE~1\AppData\Local\Temp\ccTNeV3g.s 			page 5


 225 018c 00000000 	  .word  0
 226 0190 00000000 	  .word  0
 227 0194 00000000 	  .word  0
 228 0198 00000000 	  .word  0
 229 019c 00000000 	  .word  0
 230 01a0 00000000 	  .word  0
 231 01a4 00000000 	  .word  0
 232 01a8 00000000 	  .word  0
 233 01ac 00000000 	  .word  0
 234 01b0 00000000 	  .word  0
 235 01b4 00000000 	  .word  0
 236 01b8 00000000 	  .word  0
 237 01bc 00000000 	  .word  0
 238 01c0 00000000 	  .word  0
 239 01c4 00000000 	  .word  0
 240 01c8 00000000 	  .word  0
 241 01cc 5FF808F1 	  .word  BootRAM          /* @0x01CC. This is for boot in RAM mode for 
 242              	                            STM32F10x Medium Value Line Density devices. */
 243              	   
 244              	/*******************************************************************************
 245              	* Provide weak aliases for each Exception handler to the Default_Handler. 
 246              	* As they are weak aliases, any function with the same name will override 
 247              	* this definition.
 248              	*******************************************************************************/
 249              	    
 250              	  .weak  NMI_Handler
 251              	  .thumb_set NMI_Handler,Default_Handler
 252              	  
 253              	  .weak  HardFault_Handler
 254              	  .thumb_set HardFault_Handler,Default_Handler
 255              	  
 256              	  .weak  MemManage_Handler
 257              	  .thumb_set MemManage_Handler,Default_Handler
 258              	  
 259              	  .weak  BusFault_Handler
 260              	  .thumb_set BusFault_Handler,Default_Handler
 261              	
 262              	  .weak  UsageFault_Handler
 263              	  .thumb_set UsageFault_Handler,Default_Handler
 264              	
 265              	  .weak  SVC_Handler
 266              	  .thumb_set SVC_Handler,Default_Handler
 267              	
 268              	  .weak  DebugMon_Handler
 269              	  .thumb_set DebugMon_Handler,Default_Handler
 270              	
 271              	  .weak  PendSV_Handler
 272              	  .thumb_set PendSV_Handler,Default_Handler
 273              	
 274              	  .weak  SysTick_Handler
 275              	  .thumb_set SysTick_Handler,Default_Handler
 276              	
 277              	  .weak  WWDG_IRQHandler
 278              	  .thumb_set WWDG_IRQHandler,Default_Handler
 279              	
 280              	  .weak  PVD_IRQHandler
 281              	  .thumb_set PVD_IRQHandler,Default_Handler
ARM GAS  C:\Users\DON_LE~1\AppData\Local\Temp\ccTNeV3g.s 			page 6


 282              	
 283              	  .weak  TAMPER_IRQHandler
 284              	  .thumb_set TAMPER_IRQHandler,Default_Handler
 285              	
 286              	  .weak  RTC_IRQHandler
 287              	  .thumb_set RTC_IRQHandler,Default_Handler
 288              	
 289              	  .weak  FLASH_IRQHandler
 290              	  .thumb_set FLASH_IRQHandler,Default_Handler
 291              	
 292              	  .weak  RCC_IRQHandler
 293              	  .thumb_set RCC_IRQHandler,Default_Handler
 294              	
 295              	  .weak  EXTI0_IRQHandler
 296              	  .thumb_set EXTI0_IRQHandler,Default_Handler
 297              	
 298              	  .weak  EXTI1_IRQHandler
 299              	  .thumb_set EXTI1_IRQHandler,Default_Handler
 300              	
 301              	  .weak  EXTI2_IRQHandler
 302              	  .thumb_set EXTI2_IRQHandler,Default_Handler
 303              	
 304              	  .weak  EXTI3_IRQHandler
 305              	  .thumb_set EXTI3_IRQHandler,Default_Handler
 306              	
 307              	  .weak  EXTI4_IRQHandler
 308              	  .thumb_set EXTI4_IRQHandler,Default_Handler
 309              	
 310              	  .weak  DMA1_Channel1_IRQHandler
 311              	  .thumb_set DMA1_Channel1_IRQHandler,Default_Handler
 312              	
 313              	  .weak  DMA1_Channel2_IRQHandler
 314              	  .thumb_set DMA1_Channel2_IRQHandler,Default_Handler
 315              	
 316              	  .weak  DMA1_Channel3_IRQHandler
 317              	  .thumb_set DMA1_Channel3_IRQHandler,Default_Handler
 318              	
 319              	  .weak  DMA1_Channel4_IRQHandler
 320              	  .thumb_set DMA1_Channel4_IRQHandler,Default_Handler
 321              	
 322              	  .weak  DMA1_Channel5_IRQHandler
 323              	  .thumb_set DMA1_Channel5_IRQHandler,Default_Handler
 324              	
 325              	  .weak  DMA1_Channel6_IRQHandler
 326              	  .thumb_set DMA1_Channel6_IRQHandler,Default_Handler
 327              	
 328              	  .weak  DMA1_Channel7_IRQHandler
 329              	  .thumb_set DMA1_Channel7_IRQHandler,Default_Handler
 330              	
 331              	  .weak  ADC1_IRQHandler
 332              	  .thumb_set ADC1_IRQHandler,Default_Handler
 333              	
 334              	  .weak  EXTI9_5_IRQHandler
 335              	  .thumb_set EXTI9_5_IRQHandler,Default_Handler
 336              	
 337              	  .weak  TIM1_BRK_TIM15_IRQHandler
 338              	  .thumb_set TIM1_BRK_TIM15_IRQHandler,Default_Handler
ARM GAS  C:\Users\DON_LE~1\AppData\Local\Temp\ccTNeV3g.s 			page 7


 339              	
 340              	  .weak  TIM1_UP_TIM16_IRQHandler
 341              	  .thumb_set TIM1_UP_TIM16_IRQHandler,Default_Handler
 342              	
 343              	  .weak  TIM1_TRG_COM_TIM17_IRQHandler
 344              	  .thumb_set TIM1_TRG_COM_TIM17_IRQHandler,Default_Handler
 345              	
 346              	  .weak  TIM1_CC_IRQHandler
 347              	  .thumb_set TIM1_CC_IRQHandler,Default_Handler
 348              	
 349              	  .weak  TIM2_IRQHandler
 350              	  .thumb_set TIM2_IRQHandler,Default_Handler
 351              	
 352              	  .weak  TIM3_IRQHandler
 353              	  .thumb_set TIM3_IRQHandler,Default_Handler
 354              	
 355              	  .weak  TIM4_IRQHandler
 356              	  .thumb_set TIM4_IRQHandler,Default_Handler
 357              	
 358              	  .weak  I2C1_EV_IRQHandler
 359              	  .thumb_set I2C1_EV_IRQHandler,Default_Handler
 360              	
 361              	  .weak  I2C1_ER_IRQHandler
 362              	  .thumb_set I2C1_ER_IRQHandler,Default_Handler
 363              	
 364              	  .weak  I2C2_EV_IRQHandler
 365              	  .thumb_set I2C2_EV_IRQHandler,Default_Handler
 366              	
 367              	  .weak  I2C2_ER_IRQHandler
 368              	  .thumb_set I2C2_ER_IRQHandler,Default_Handler
 369              	
 370              	  .weak  SPI1_IRQHandler
 371              	  .thumb_set SPI1_IRQHandler,Default_Handler
 372              	
 373              	  .weak  SPI2_IRQHandler
 374              	  .thumb_set SPI2_IRQHandler,Default_Handler
 375              	
 376              	  .weak  USART1_IRQHandler
 377              	  .thumb_set USART1_IRQHandler,Default_Handler
 378              	
 379              	  .weak  USART2_IRQHandler
 380              	  .thumb_set USART2_IRQHandler,Default_Handler
 381              	
 382              	  .weak  USART3_IRQHandler
 383              	  .thumb_set USART3_IRQHandler,Default_Handler
 384              	
 385              	  .weak  EXTI15_10_IRQHandler
 386              	  .thumb_set EXTI15_10_IRQHandler,Default_Handler
 387              	
 388              	  .weak  RTCAlarm_IRQHandler
 389              	  .thumb_set RTCAlarm_IRQHandler,Default_Handler
 390              	
 391              	  .weak  CEC_IRQHandler
 392              	  .thumb_set CEC_IRQHandler,Default_Handler
 393              	
 394              	  .weak  TIM6_DAC_IRQHandler
 395              	  .thumb_set TIM6_DAC_IRQHandler,Default_Handler
ARM GAS  C:\Users\DON_LE~1\AppData\Local\Temp\ccTNeV3g.s 			page 8


 396              	
 397              	  .weak  TIM7_IRQHandler
 398              	  .thumb_set TIM7_IRQHandler,Default_Handler  
ARM GAS  C:\Users\DON_LE~1\AppData\Local\Temp\ccTNeV3g.s 			page 9


DEFINED SYMBOLS
CMSIS/CM3/DeviceSupport/ST/STM32F10x/startup/gcc_ride7/startup_stm32f10x_md_vl.s:125    .isr_vector:00000000 g_pfnVectors
CMSIS/CM3/DeviceSupport/ST/STM32F10x/startup/gcc_ride7/startup_stm32f10x_md_vl.s:110    .text.Default_Handler:00000000 Default_Handler
CMSIS/CM3/DeviceSupport/ST/STM32F10x/startup/gcc_ride7/startup_stm32f10x_md_vl.s:52     *ABS*:f108f85f BootRAM
CMSIS/CM3/DeviceSupport/ST/STM32F10x/startup/gcc_ride7/startup_stm32f10x_md_vl.s:65     .text.Reset_Handler:00000000 Reset_Handler
CMSIS/CM3/DeviceSupport/ST/STM32F10x/startup/gcc_ride7/startup_stm32f10x_md_vl.s:68     .text.Reset_Handler:00000000 $t
CMSIS/CM3/DeviceSupport/ST/STM32F10x/startup/gcc_ride7/startup_stm32f10x_md_vl.s:77     .text.Reset_Handler:0000000c LoopCopyDataInit
CMSIS/CM3/DeviceSupport/ST/STM32F10x/startup/gcc_ride7/startup_stm32f10x_md_vl.s:71     .text.Reset_Handler:00000004 CopyDataInit
CMSIS/CM3/DeviceSupport/ST/STM32F10x/startup/gcc_ride7/startup_stm32f10x_md_vl.s:91     .text.Reset_Handler:00000020 LoopFillZerobss
CMSIS/CM3/DeviceSupport/ST/STM32F10x/startup/gcc_ride7/startup_stm32f10x_md_vl.s:86     .text.Reset_Handler:0000001a FillZerobss
CMSIS/CM3/DeviceSupport/ST/STM32F10x/startup/gcc_ride7/startup_stm32f10x_md_vl.s:111    .text.Default_Handler:00000000 Infinite_Loop
CMSIS/CM3/DeviceSupport/ST/STM32F10x/startup/gcc_ride7/startup_stm32f10x_md_vl.s:112    .text.Default_Handler:00000000 $t
CMSIS/CM3/DeviceSupport/ST/STM32F10x/startup/gcc_ride7/startup_stm32f10x_md_vl.s:110    .text.Default_Handler:00000000 NMI_Handler
CMSIS/CM3/DeviceSupport/ST/STM32F10x/startup/gcc_ride7/startup_stm32f10x_md_vl.s:110    .text.Default_Handler:00000000 HardFault_Handler
CMSIS/CM3/DeviceSupport/ST/STM32F10x/startup/gcc_ride7/startup_stm32f10x_md_vl.s:110    .text.Default_Handler:00000000 MemManage_Handler
CMSIS/CM3/DeviceSupport/ST/STM32F10x/startup/gcc_ride7/startup_stm32f10x_md_vl.s:110    .text.Default_Handler:00000000 BusFault_Handler
CMSIS/CM3/DeviceSupport/ST/STM32F10x/startup/gcc_ride7/startup_stm32f10x_md_vl.s:110    .text.Default_Handler:00000000 UsageFault_Handler
CMSIS/CM3/DeviceSupport/ST/STM32F10x/startup/gcc_ride7/startup_stm32f10x_md_vl.s:110    .text.Default_Handler:00000000 SVC_Handler
CMSIS/CM3/DeviceSupport/ST/STM32F10x/startup/gcc_ride7/startup_stm32f10x_md_vl.s:110    .text.Default_Handler:00000000 DebugMon_Handler
CMSIS/CM3/DeviceSupport/ST/STM32F10x/startup/gcc_ride7/startup_stm32f10x_md_vl.s:110    .text.Default_Handler:00000000 PendSV_Handler
CMSIS/CM3/DeviceSupport/ST/STM32F10x/startup/gcc_ride7/startup_stm32f10x_md_vl.s:110    .text.Default_Handler:00000000 SysTick_Handler
CMSIS/CM3/DeviceSupport/ST/STM32F10x/startup/gcc_ride7/startup_stm32f10x_md_vl.s:110    .text.Default_Handler:00000000 WWDG_IRQHandler
CMSIS/CM3/DeviceSupport/ST/STM32F10x/startup/gcc_ride7/startup_stm32f10x_md_vl.s:110    .text.Default_Handler:00000000 PVD_IRQHandler
CMSIS/CM3/DeviceSupport/ST/STM32F10x/startup/gcc_ride7/startup_stm32f10x_md_vl.s:110    .text.Default_Handler:00000000 TAMPER_IRQHandler
CMSIS/CM3/DeviceSupport/ST/STM32F10x/startup/gcc_ride7/startup_stm32f10x_md_vl.s:110    .text.Default_Handler:00000000 RTC_IRQHandler
CMSIS/CM3/DeviceSupport/ST/STM32F10x/startup/gcc_ride7/startup_stm32f10x_md_vl.s:110    .text.Default_Handler:00000000 FLASH_IRQHandler
CMSIS/CM3/DeviceSupport/ST/STM32F10x/startup/gcc_ride7/startup_stm32f10x_md_vl.s:110    .text.Default_Handler:00000000 RCC_IRQHandler
CMSIS/CM3/DeviceSupport/ST/STM32F10x/startup/gcc_ride7/startup_stm32f10x_md_vl.s:110    .text.Default_Handler:00000000 EXTI0_IRQHandler
CMSIS/CM3/DeviceSupport/ST/STM32F10x/startup/gcc_ride7/startup_stm32f10x_md_vl.s:110    .text.Default_Handler:00000000 EXTI1_IRQHandler
CMSIS/CM3/DeviceSupport/ST/STM32F10x/startup/gcc_ride7/startup_stm32f10x_md_vl.s:110    .text.Default_Handler:00000000 EXTI2_IRQHandler
CMSIS/CM3/DeviceSupport/ST/STM32F10x/startup/gcc_ride7/startup_stm32f10x_md_vl.s:110    .text.Default_Handler:00000000 EXTI3_IRQHandler
CMSIS/CM3/DeviceSupport/ST/STM32F10x/startup/gcc_ride7/startup_stm32f10x_md_vl.s:110    .text.Default_Handler:00000000 EXTI4_IRQHandler
CMSIS/CM3/DeviceSupport/ST/STM32F10x/startup/gcc_ride7/startup_stm32f10x_md_vl.s:110    .text.Default_Handler:00000000 DMA1_Channel1_IRQHandler
CMSIS/CM3/DeviceSupport/ST/STM32F10x/startup/gcc_ride7/startup_stm32f10x_md_vl.s:110    .text.Default_Handler:00000000 DMA1_Channel2_IRQHandler
CMSIS/CM3/DeviceSupport/ST/STM32F10x/startup/gcc_ride7/startup_stm32f10x_md_vl.s:110    .text.Default_Handler:00000000 DMA1_Channel3_IRQHandler
CMSIS/CM3/DeviceSupport/ST/STM32F10x/startup/gcc_ride7/startup_stm32f10x_md_vl.s:110    .text.Default_Handler:00000000 DMA1_Channel4_IRQHandler
CMSIS/CM3/DeviceSupport/ST/STM32F10x/startup/gcc_ride7/startup_stm32f10x_md_vl.s:110    .text.Default_Handler:00000000 DMA1_Channel5_IRQHandler
CMSIS/CM3/DeviceSupport/ST/STM32F10x/startup/gcc_ride7/startup_stm32f10x_md_vl.s:110    .text.Default_Handler:00000000 DMA1_Channel6_IRQHandler
CMSIS/CM3/DeviceSupport/ST/STM32F10x/startup/gcc_ride7/startup_stm32f10x_md_vl.s:110    .text.Default_Handler:00000000 DMA1_Channel7_IRQHandler
CMSIS/CM3/DeviceSupport/ST/STM32F10x/startup/gcc_ride7/startup_stm32f10x_md_vl.s:110    .text.Default_Handler:00000000 ADC1_IRQHandler
CMSIS/CM3/DeviceSupport/ST/STM32F10x/startup/gcc_ride7/startup_stm32f10x_md_vl.s:110    .text.Default_Handler:00000000 EXTI9_5_IRQHandler
CMSIS/CM3/DeviceSupport/ST/STM32F10x/startup/gcc_ride7/startup_stm32f10x_md_vl.s:110    .text.Default_Handler:00000000 TIM1_BRK_TIM15_IRQHandler
CMSIS/CM3/DeviceSupport/ST/STM32F10x/startup/gcc_ride7/startup_stm32f10x_md_vl.s:110    .text.Default_Handler:00000000 TIM1_UP_TIM16_IRQHandler
CMSIS/CM3/DeviceSupport/ST/STM32F10x/startup/gcc_ride7/startup_stm32f10x_md_vl.s:110    .text.Default_Handler:00000000 TIM1_TRG_COM_TIM17_IRQHandler
CMSIS/CM3/DeviceSupport/ST/STM32F10x/startup/gcc_ride7/startup_stm32f10x_md_vl.s:110    .text.Default_Handler:00000000 TIM1_CC_IRQHandler
CMSIS/CM3/DeviceSupport/ST/STM32F10x/startup/gcc_ride7/startup_stm32f10x_md_vl.s:110    .text.Default_Handler:00000000 TIM2_IRQHandler
CMSIS/CM3/DeviceSupport/ST/STM32F10x/startup/gcc_ride7/startup_stm32f10x_md_vl.s:110    .text.Default_Handler:00000000 TIM3_IRQHandler
CMSIS/CM3/DeviceSupport/ST/STM32F10x/startup/gcc_ride7/startup_stm32f10x_md_vl.s:110    .text.Default_Handler:00000000 TIM4_IRQHandler
CMSIS/CM3/DeviceSupport/ST/STM32F10x/startup/gcc_ride7/startup_stm32f10x_md_vl.s:110    .text.Default_Handler:00000000 I2C1_EV_IRQHandler
CMSIS/CM3/DeviceSupport/ST/STM32F10x/startup/gcc_ride7/startup_stm32f10x_md_vl.s:110    .text.Default_Handler:00000000 I2C1_ER_IRQHandler
CMSIS/CM3/DeviceSupport/ST/STM32F10x/startup/gcc_ride7/startup_stm32f10x_md_vl.s:110    .text.Default_Handler:00000000 I2C2_EV_IRQHandler
CMSIS/CM3/DeviceSupport/ST/STM32F10x/startup/gcc_ride7/startup_stm32f10x_md_vl.s:110    .text.Default_Handler:00000000 I2C2_ER_IRQHandler
CMSIS/CM3/DeviceSupport/ST/STM32F10x/startup/gcc_ride7/startup_stm32f10x_md_vl.s:110    .text.Default_Handler:00000000 SPI1_IRQHandler
CMSIS/CM3/DeviceSupport/ST/STM32F10x/startup/gcc_ride7/startup_stm32f10x_md_vl.s:110    .text.Default_Handler:00000000 SPI2_IRQHandler
CMSIS/CM3/DeviceSupport/ST/STM32F10x/startup/gcc_ride7/startup_stm32f10x_md_vl.s:110    .text.Default_Handler:00000000 USART1_IRQHandler
CMSIS/CM3/DeviceSupport/ST/STM32F10x/startup/gcc_ride7/startup_stm32f10x_md_vl.s:110    .text.Default_Handler:00000000 USART2_IRQHandler
CMSIS/CM3/DeviceSupport/ST/STM32F10x/startup/gcc_ride7/startup_stm32f10x_md_vl.s:110    .text.Default_Handler:00000000 USART3_IRQHandler
ARM GAS  C:\Users\DON_LE~1\AppData\Local\Temp\ccTNeV3g.s 			page 10


CMSIS/CM3/DeviceSupport/ST/STM32F10x/startup/gcc_ride7/startup_stm32f10x_md_vl.s:110    .text.Default_Handler:00000000 EXTI15_10_IRQHandler
CMSIS/CM3/DeviceSupport/ST/STM32F10x/startup/gcc_ride7/startup_stm32f10x_md_vl.s:110    .text.Default_Handler:00000000 RTCAlarm_IRQHandler
CMSIS/CM3/DeviceSupport/ST/STM32F10x/startup/gcc_ride7/startup_stm32f10x_md_vl.s:110    .text.Default_Handler:00000000 CEC_IRQHandler
CMSIS/CM3/DeviceSupport/ST/STM32F10x/startup/gcc_ride7/startup_stm32f10x_md_vl.s:110    .text.Default_Handler:00000000 TIM6_DAC_IRQHandler
CMSIS/CM3/DeviceSupport/ST/STM32F10x/startup/gcc_ride7/startup_stm32f10x_md_vl.s:110    .text.Default_Handler:00000000 TIM7_IRQHandler
CMSIS/CM3/DeviceSupport/ST/STM32F10x/startup/gcc_ride7/startup_stm32f10x_md_vl.s:109    .text.Reset_Handler:00000030 $d
                   .debug_aranges:0000000c $d

UNDEFINED SYMBOLS
_sidata
_sdata
_edata
_sbss
_ebss
SystemInit
main
_estack
